e:\freeimage3180\freeimage\source\libtiff4\x64\debug\libtiff4.pdb
e:\freeimage3180\freeimage\source\libtiff4\x64\debug\tif_lzw.obj
e:\freeimage3180\freeimage\source\libtiff4\x64\debug\tif_lzma.obj
e:\freeimage3180\freeimage\source\libtiff4\x64\debug\tif_luv.obj
e:\freeimage3180\freeimage\source\libtiff4\x64\debug\tif_jpeg.obj
e:\freeimage3180\freeimage\source\libtiff4\x64\debug\tif_getimage.obj
e:\freeimage3180\freeimage\source\libtiff4\x64\debug\tif_flush.obj
e:\freeimage3180\freeimage\source\libtiff4\x64\debug\tif_fax3sm.obj
e:\freeimage3180\freeimage\source\libtiff4\x64\debug\tif_fax3.obj
e:\freeimage3180\freeimage\source\libtiff4\x64\debug\tif_extension.obj
e:\freeimage3180\freeimage\source\libtiff4\x64\debug\tif_error.obj
e:\freeimage3180\freeimage\source\libtiff4\x64\debug\tif_dumpmode.obj
e:\freeimage3180\freeimage\source\libtiff4\x64\debug\tif_dirwrite.obj
e:\freeimage3180\freeimage\source\libtiff4\x64\debug\tif_dirread.obj
e:\freeimage3180\freeimage\source\libtiff4\x64\debug\tif_dirinfo.obj
e:\freeimage3180\freeimage\source\libtiff4\x64\debug\tif_dir.obj
e:\freeimage3180\freeimage\source\libtiff4\x64\debug\tif_compress.obj
e:\freeimage3180\freeimage\source\libtiff4\x64\debug\tif_color.obj
e:\freeimage3180\freeimage\source\libtiff4\x64\debug\tif_codec.obj
e:\freeimage3180\freeimage\source\libtiff4\x64\debug\tif_close.obj
e:\freeimage3180\freeimage\source\libtiff4\x64\debug\tif_aux.obj
e:\freeimage3180\freeimage\source\libtiff4\x64\debug\tif_zip.obj
e:\freeimage3180\freeimage\source\libtiff4\x64\debug\tif_write.obj
e:\freeimage3180\freeimage\source\libtiff4\x64\debug\tif_warning.obj
e:\freeimage3180\freeimage\source\libtiff4\x64\debug\tif_version.obj
e:\freeimage3180\freeimage\source\libtiff4\x64\debug\tif_tile.obj
e:\freeimage3180\freeimage\source\libtiff4\x64\debug\tif_thunder.obj
e:\freeimage3180\freeimage\source\libtiff4\x64\debug\tif_swab.obj
e:\freeimage3180\freeimage\source\libtiff4\x64\debug\tif_strip.obj
e:\freeimage3180\freeimage\source\libtiff4\x64\debug\tif_read.obj
e:\freeimage3180\freeimage\source\libtiff4\x64\debug\tif_print.obj
e:\freeimage3180\freeimage\source\libtiff4\x64\debug\tif_predict.obj
e:\freeimage3180\freeimage\source\libtiff4\x64\debug\tif_pixarlog.obj
e:\freeimage3180\freeimage\source\libtiff4\x64\debug\tif_packbits.obj
e:\freeimage3180\freeimage\source\libtiff4\x64\debug\tif_open.obj
e:\freeimage3180\freeimage\source\libtiff4\x64\debug\tif_ojpeg.obj
e:\freeimage3180\freeimage\source\libtiff4\x64\debug\tif_next.obj
e:\freeimage3180\freeimage\source\libtiff4\x64\debug\libtiff4.lib
e:\freeimage3180\freeimage\source\libtiff4\.\x64\debug\libtiff4.lib
e:\freeimage3180\freeimage\source\libtiff4\x64\debug\libtiff4.tlog\cl.command.1.tlog
e:\freeimage3180\freeimage\source\libtiff4\x64\debug\libtiff4.tlog\cl.read.1.tlog
e:\freeimage3180\freeimage\source\libtiff4\x64\debug\libtiff4.tlog\cl.write.1.tlog
e:\freeimage3180\freeimage\source\libtiff4\x64\debug\libtiff4.tlog\lib-link.read.1.tlog
e:\freeimage3180\freeimage\source\libtiff4\x64\debug\libtiff4.tlog\lib-link.write.1.tlog
e:\freeimage3180\freeimage\source\libtiff4\x64\debug\libtiff4.tlog\lib.command.1.tlog
