e:\freeimage3180\freeimage\source\libopenjpeg\x64\debug\libopenjpeg.pdb
e:\freeimage3180\freeimage\source\libopenjpeg\x64\debug\tgt.obj
e:\freeimage3180\freeimage\source\libopenjpeg\x64\debug\tcd.obj
e:\freeimage3180\freeimage\source\libopenjpeg\x64\debug\t2.obj
e:\freeimage3180\freeimage\source\libopenjpeg\x64\debug\t1.obj
e:\freeimage3180\freeimage\source\libopenjpeg\x64\debug\raw.obj
e:\freeimage3180\freeimage\source\libopenjpeg\x64\debug\pi.obj
e:\freeimage3180\freeimage\source\libopenjpeg\x64\debug\opj_clock.obj
e:\freeimage3180\freeimage\source\libopenjpeg\x64\debug\openjpeg.obj
e:\freeimage3180\freeimage\source\libopenjpeg\x64\debug\mqc.obj
e:\freeimage3180\freeimage\source\libopenjpeg\x64\debug\mct.obj
e:\freeimage3180\freeimage\source\libopenjpeg\x64\debug\jp2.obj
e:\freeimage3180\freeimage\source\libopenjpeg\x64\debug\j2k.obj
e:\freeimage3180\freeimage\source\libopenjpeg\x64\debug\invert.obj
e:\freeimage3180\freeimage\source\libopenjpeg\x64\debug\image.obj
e:\freeimage3180\freeimage\source\libopenjpeg\x64\debug\function_list.obj
e:\freeimage3180\freeimage\source\libopenjpeg\x64\debug\event.obj
e:\freeimage3180\freeimage\source\libopenjpeg\x64\debug\dwt.obj
e:\freeimage3180\freeimage\source\libopenjpeg\x64\debug\cio.obj
e:\freeimage3180\freeimage\source\libopenjpeg\x64\debug\bio.obj
e:\freeimage3180\freeimage\source\libopenjpeg\x64\debug\libopenjpeg.lib
e:\freeimage3180\freeimage\source\libopenjpeg\.\x64\debug\libopenjpeg.lib
e:\freeimage3180\freeimage\source\libopenjpeg\x64\debug\libopenjpeg.tlog\cl.command.1.tlog
e:\freeimage3180\freeimage\source\libopenjpeg\x64\debug\libopenjpeg.tlog\cl.read.1.tlog
e:\freeimage3180\freeimage\source\libopenjpeg\x64\debug\libopenjpeg.tlog\cl.write.1.tlog
e:\freeimage3180\freeimage\source\libopenjpeg\x64\debug\libopenjpeg.tlog\lib-link.read.1.tlog
e:\freeimage3180\freeimage\source\libopenjpeg\x64\debug\libopenjpeg.tlog\lib-link.write.1.tlog
e:\freeimage3180\freeimage\source\libopenjpeg\x64\debug\libopenjpeg.tlog\lib.command.1.tlog
