e:\freeimage3180\freeimage\source\libjxr\x64\debug\libjxr.pdb
e:\freeimage3180\freeimage\source\libjxr\x64\debug\libjxr.idb
e:\freeimage3180\freeimage\source\libjxr\x64\debug\segdec.obj
e:\freeimage3180\freeimage\source\libjxr\x64\debug\strdec.obj
e:\freeimage3180\freeimage\source\libjxr\x64\debug\strdec_x86.obj
e:\freeimage3180\freeimage\source\libjxr\x64\debug\strinvtransform.obj
e:\freeimage3180\freeimage\source\libjxr\x64\debug\strpredquantdec.obj
e:\freeimage3180\freeimage\source\libjxr\x64\debug\encode.obj
e:\freeimage3180\freeimage\source\libjxr\x64\debug\segenc.obj
e:\freeimage3180\freeimage\source\libjxr\x64\debug\strenc.obj
e:\freeimage3180\freeimage\source\libjxr\x64\debug\strenc_x86.obj
e:\freeimage3180\freeimage\source\libjxr\x64\debug\strfwdtransform.obj
e:\freeimage3180\freeimage\source\libjxr\x64\debug\strpredquantenc.obj
e:\freeimage3180\freeimage\source\libjxr\x64\debug\adapthuff.obj
e:\freeimage3180\freeimage\source\libjxr\x64\debug\image.obj
e:\freeimage3180\freeimage\source\libjxr\x64\debug\strcodec.obj
e:\freeimage3180\freeimage\source\libjxr\x64\debug\strpredquant.obj
e:\freeimage3180\freeimage\source\libjxr\x64\debug\strtransform.obj
e:\freeimage3180\freeimage\source\libjxr\x64\debug\jxrglue.obj
e:\freeimage3180\freeimage\source\libjxr\x64\debug\jxrgluejxr.obj
e:\freeimage3180\freeimage\source\libjxr\x64\debug\jxrgluepfc.obj
e:\freeimage3180\freeimage\source\libjxr\x64\debug\jxrmeta.obj
e:\freeimage3180\freeimage\source\libjxr\x64\debug\decode.obj
e:\freeimage3180\freeimage\source\libjxr\x64\debug\jxrtranscode.obj
e:\freeimage3180\freeimage\source\libjxr\x64\debug\postprocess.obj
e:\freeimage3180\freeimage\source\libjxr\x64\debug\libjxr.lib
e:\freeimage3180\freeimage\source\libjxr\.\x64\debug\libjxr.lib
e:\freeimage3180\freeimage\source\libjxr\x64\debug\libjxr.tlog\cl.command.1.tlog
e:\freeimage3180\freeimage\source\libjxr\x64\debug\libjxr.tlog\cl.read.1.tlog
e:\freeimage3180\freeimage\source\libjxr\x64\debug\libjxr.tlog\cl.write.1.tlog
e:\freeimage3180\freeimage\source\libjxr\x64\debug\libjxr.tlog\lib-link.read.1.tlog
e:\freeimage3180\freeimage\source\libjxr\x64\debug\libjxr.tlog\lib-link.write.1.tlog
e:\freeimage3180\freeimage\source\libjxr\x64\debug\libjxr.tlog\lib.command.1.tlog
