  IexMathFpu.cpp
  b44ExpLogTable.cpp
  ImfAcesFile.cpp
e:\freeimage3180\freeimage\source\openexr\ilmimf\imfacesfile.cpp(59): warning C4305: “参数”: 从“double”到“T”截断
          with
          [
              T=float
          ]
e:\freeimage3180\freeimage\source\openexr\ilmimf\imfacesfile.cpp(426): warning C4305: “参数”: 从“double”到“T”截断
          with
          [
              T=float
          ]
e:\freeimage3180\freeimage\source\openexr\ilmimf\imfacesfile.cpp(432): warning C4305: “参数”: 从“double”到“T”截断
          with
          [
              T=float
          ]
  ImfAttribute.cpp
  ImfB44Compressor.cpp
e:\freeimage3180\freeimage\source\openexr\ilmimf\imfb44compressor.cpp(486): warning C4267: “初始化”: 从“size_t”转换到“int”，可能丢失数据
e:\freeimage3180\freeimage\source\openexr\ilmimf\imfb44compressor.cpp(862): warning C4244: “return”: 从“__int64”转换到“int”，可能丢失数据
e:\freeimage3180\freeimage\source\openexr\ilmimf\imfb44compressor.cpp(1068): warning C4244: “return”: 从“__int64”转换到“int”，可能丢失数据
  ImfBoxAttribute.cpp
  ImfChannelList.cpp
  ImfChannelListAttribute.cpp
  ImfChromaticities.cpp
  ImfChromaticitiesAttribute.cpp
  ImfCompositeDeepScanLine.cpp
e:\freeimage3180\freeimage\source\openexr\ilmimf\imfcompositedeepscanline.cpp(279): warning C4267: “参数”: 从“size_t”转换到“_Ty”，可能丢失数据
          with
          [
              _Ty=int
          ]
e:\freeimage3180\freeimage\source\openexr\ilmimf\imfcompositedeepscanline.cpp(375): warning C4267: “参数”: 从“size_t”转换到“int”，可能丢失数据
  ImfCompressionAttribute.cpp
  ImfCompressor.cpp
e:\freeimage3180\freeimage\source\openexr\ilmimf\imfcompressor.cpp(165): warning C4267: “参数”: 从“size_t”转换到“int”，可能丢失数据
e:\freeimage3180\freeimage\source\openexr\ilmimf\imfcompressor.cpp(170): warning C4267: “参数”: 从“size_t”转换到“int”，可能丢失数据
e:\freeimage3180\freeimage\source\openexr\ilmimf\imfcompressor.cpp(216): warning C4267: “参数”: 从“size_t”转换到“int”，可能丢失数据
  ImfConvert.cpp
  ImfCRgbaFile.cpp
  ImfDeepCompositing.cpp
e:\freeimage3180\freeimage\source\openexr\ilmimf\imfdeepcompositing.cpp(84): warning C4244: “+=”: 从“double”转换到“float”，可能丢失数据
  ImfDeepFrameBuffer.cpp
e:\freeimage3180\freeimage\source\openexr\ilmimf\imfdeepframebuffer.cpp(57): warning C4267: “初始化”: 从“size_t”转换到“int”，可能丢失数据
  ImfDeepImageStateAttribute.cpp
  ImfDeepScanLineInputFile.cpp
e:\freeimage3180\freeimage\source\openexr\ilmimf\imfdeepscanlineinputfile.cpp(343): warning C4244: “参数”: 从“Imath_2_2::Int64”转换到“int”，可能丢失数据
e:\freeimage3180\freeimage\source\openexr\ilmimf\imfdeepscanlineinputfile.cpp(504): warning C4244: “参数”: 从“Imath_2_2::Int64”转换到“int”，可能丢失数据
e:\freeimage3180\freeimage\source\openexr\ilmimf\imfdeepscanlineinputfile.cpp(511): warning C4244: “参数”: 从“Imath_2_2::Int64”转换到“int”，可能丢失数据
e:\freeimage3180\freeimage\source\openexr\ilmimf\imfdeepscanlineinputfile.cpp(518): warning C4244: “参数”: 从“Imath_2_2::Int64”转换到“int”，可能丢失数据
e:\freeimage3180\freeimage\source\openexr\ilmimf\imfdeepscanlineinputfile.cpp(635): warning C4244: “参数”: 从“Imath_2_2::Int64”转换到“int”，可能丢失数据
e:\freeimage3180\freeimage\source\openexr\ilmimf\imfdeepscanlineinputfile.cpp(1148): warning C4267: “=”: 从“size_t”转换到“int”，可能丢失数据
e:\freeimage3180\freeimage\source\openexr\ilmimf\imfdeepscanlineinputfile.cpp(1149): warning C4267: “=”: 从“size_t”转换到“int”，可能丢失数据
e:\freeimage3180\freeimage\source\openexr\ilmimf\imfdeepscanlineinputfile.cpp(1471): warning C4244: “参数”: 从“Imath_2_2::Int64”转换到“int”，可能丢失数据
e:\freeimage3180\freeimage\source\openexr\ilmimf\imfdeepscanlineinputfile.cpp(1515): warning C4244: “参数”: 从“Imath_2_2::Int64”转换到“int”，可能丢失数据
e:\freeimage3180\freeimage\source\openexr\ilmimf\imfdeepscanlineinputfile.cpp(1549): warning C4267: “初始化”: 从“size_t”转换到“int”，可能丢失数据
e:\freeimage3180\freeimage\source\openexr\ilmimf\imfdeepscanlineinputfile.cpp(1550): warning C4267: “初始化”: 从“size_t”转换到“int”，可能丢失数据
e:\freeimage3180\freeimage\source\openexr\ilmimf\imfdeepscanlineinputfile.cpp(1720): warning C4244: “参数”: 从“Imath_2_2::Int64”转换到“int”，可能丢失数据
e:\freeimage3180\freeimage\source\openexr\ilmimf\imfdeepscanlineinputfile.cpp(1727): warning C4267: “初始化”: 从“size_t”转换到“int”，可能丢失数据
e:\freeimage3180\freeimage\source\openexr\ilmimf\imfdeepscanlineinputfile.cpp(1728): warning C4267: “初始化”: 从“size_t”转换到“int”，可能丢失数据
e:\freeimage3180\freeimage\source\openexr\ilmimf\imfdeepscanlineinputfile.cpp(1833): warning C4244: “参数”: 从“Imath_2_2::Int64”转换到“int”，可能丢失数据
e:\freeimage3180\freeimage\source\openexr\ilmimf\imfdeepscanlineinputfile.cpp(1849): warning C4244: “参数”: 从“Imath_2_2::Int64”转换到“int”，可能丢失数据
  ImfDeepScanLineInputPart.cpp
  正在生成代码...
  正在编译...
  ImfDeepScanLineOutputFile.cpp
e:\freeimage3180\freeimage\source\openexr\ilmimf\imfdeepscanlineoutputfile.cpp(378): warning C4244: “参数”: 从“Imath_2_2::Int64”转换到“int”，可能丢失数据
e:\freeimage3180\freeimage\source\openexr\ilmimf\imfdeepscanlineoutputfile.cpp(384): warning C4244: “参数”: 从“Imath_2_2::Int64”转换到“int”，可能丢失数据
e:\freeimage3180\freeimage\source\openexr\ilmimf\imfdeepscanlineoutputfile.cpp(605): warning C4267: “参数”: 从“size_t”转换到“long”，可能丢失数据
e:\freeimage3180\freeimage\source\openexr\ilmimf\imfdeepscanlineoutputfile.cpp(696): warning C4244: “参数”: 从“Imath_2_2::Int64”转换到“long”，可能丢失数据
e:\freeimage3180\freeimage\source\openexr\ilmimf\imfdeepscanlineoutputfile.cpp(734): warning C4244: “参数”: 从“Imath_2_2::Int64”转换到“int”，可能丢失数据
e:\freeimage3180\freeimage\source\openexr\ilmimf\imfdeepscanlineoutputfile.cpp(768): warning C4244: “参数”: 从“Imath_2_2::Int64”转换到“int”，可能丢失数据
e:\freeimage3180\freeimage\source\openexr\ilmimf\imfdeepscanlineoutputfile.cpp(786): warning C4244: “参数”: 从“Imath_2_2::Int64”转换到“int”，可能丢失数据
e:\freeimage3180\freeimage\source\openexr\ilmimf\imfdeepscanlineoutputfile.cpp(974): warning C4244: “参数”: 从“Imath_2_2::Int64”转换到“long”，可能丢失数据
e:\freeimage3180\freeimage\source\openexr\ilmimf\imfdeepscanlineoutputfile.cpp(1096): warning C4267: “=”: 从“size_t”转换到“int”，可能丢失数据
e:\freeimage3180\freeimage\source\openexr\ilmimf\imfdeepscanlineoutputfile.cpp(1097): warning C4267: “=”: 从“size_t”转换到“int”，可能丢失数据
  ImfDeepScanLineOutputPart.cpp
  ImfDeepTiledInputFile.cpp
e:\freeimage3180\freeimage\source\openexr\ilmimf\imfdeeptiledinputfile.cpp(326): warning C4244: “参数”: 从“ptrdiff_t”转换到“int”，可能丢失数据
e:\freeimage3180\freeimage\source\openexr\ilmimf\imfdeeptiledinputfile.cpp(325): warning C4244: “参数”: 从“ptrdiff_t”转换到“int”，可能丢失数据
e:\freeimage3180\freeimage\source\openexr\ilmimf\imfdeeptiledinputfile.cpp(418): warning C4244: “参数”: 从“Imath_2_2::Int64”转换到“int”，可能丢失数据
e:\freeimage3180\freeimage\source\openexr\ilmimf\imfdeeptiledinputfile.cpp(438): warning C4244: “参数”: 从“Imath_2_2::Int64”转换到“int”，可能丢失数据
e:\freeimage3180\freeimage\source\openexr\ilmimf\imfdeeptiledinputfile.cpp(445): warning C4244: “参数”: 从“Imath_2_2::Int64”转换到“int”，可能丢失数据
e:\freeimage3180\freeimage\source\openexr\ilmimf\imfdeeptiledinputfile.cpp(493): warning C4244: “参数”: 从“Imath_2_2::Int64”转换到“int”，可能丢失数据
e:\freeimage3180\freeimage\source\openexr\ilmimf\imfdeeptiledinputfile.cpp(499): warning C4244: “参数”: 从“Imath_2_2::Int64”转换到“int”，可能丢失数据
e:\freeimage3180\freeimage\source\openexr\ilmimf\imfdeeptiledinputfile.cpp(631): warning C4244: “参数”: 从“Imath_2_2::Int64”转换到“int”，可能丢失数据
e:\freeimage3180\freeimage\source\openexr\ilmimf\imfdeeptiledinputfile.cpp(1021): warning C4244: “参数”: 从“Imath_2_2::Int64”转换到“long”，可能丢失数据
e:\freeimage3180\freeimage\source\openexr\ilmimf\imfdeeptiledinputfile.cpp(1495): warning C4244: “参数”: 从“Imath_2_2::Int64”转换到“int”，可能丢失数据
e:\freeimage3180\freeimage\source\openexr\ilmimf\imfdeeptiledinputfile.cpp(1844): warning C4244: “参数”: 从“Imath_2_2::Int64”转换到“int”，可能丢失数据
e:\freeimage3180\freeimage\source\openexr\ilmimf\imfdeeptiledinputfile.cpp(1855): warning C4244: “参数”: 从“Imath_2_2::Int64”转换到“int”，可能丢失数据
  ImfDeepTiledInputPart.cpp
  ImfDeepTiledOutputFile.cpp
e:\freeimage3180\freeimage\source\openexr\ilmimf\imfdeeptiledoutputfile.cpp(554): warning C4244: “参数”: 从“Imath_2_2::Int64”转换到“int”，可能丢失数据
e:\freeimage3180\freeimage\source\openexr\ilmimf\imfdeeptiledoutputfile.cpp(560): warning C4244: “参数”: 从“Imath_2_2::Int64”转换到“int”，可能丢失数据
e:\freeimage3180\freeimage\source\openexr\ilmimf\imfdeeptiledoutputfile.cpp(690): warning C4244: “参数”: 从“Imath_2_2::Int64”转换到“int”，可能丢失数据
e:\freeimage3180\freeimage\source\openexr\ilmimf\imfdeeptiledoutputfile.cpp(689): warning C4244: “参数”: 从“Imath_2_2::Int64”转换到“int”，可能丢失数据
e:\freeimage3180\freeimage\source\openexr\ilmimf\imfdeeptiledoutputfile.cpp(874): warning C4244: “参数”: 从“Imath_2_2::Int64”转换到“long”，可能丢失数据
e:\freeimage3180\freeimage\source\openexr\ilmimf\imfdeeptiledoutputfile.cpp(970): warning C4244: “参数”: 从“Imath_2_2::Int64”转换到“int”，可能丢失数据
e:\freeimage3180\freeimage\source\openexr\ilmimf\imfdeeptiledoutputfile.cpp(1010): warning C4244: “参数”: 从“Imath_2_2::Int64”转换到“int”，可能丢失数据
e:\freeimage3180\freeimage\source\openexr\ilmimf\imfdeeptiledoutputfile.cpp(1243): warning C4244: “参数”: 从“Imath_2_2::Int64”转换到“long”，可能丢失数据
e:\freeimage3180\freeimage\source\openexr\ilmimf\imfdeeptiledoutputfile.cpp(1362): warning C4267: “=”: 从“size_t”转换到“int”，可能丢失数据
e:\freeimage3180\freeimage\source\openexr\ilmimf\imfdeeptiledoutputfile.cpp(1363): warning C4267: “=”: 从“size_t”转换到“int”，可能丢失数据
e:\freeimage3180\freeimage\source\openexr\ilmimf\imfdeeptiledoutputfile.cpp(1712): warning C4267: “初始化”: 从“size_t”转换到“int”，可能丢失数据
  ImfDeepTiledOutputPart.cpp
  ImfDoubleAttribute.cpp
  ImfDwaCompressor.cpp
e:\freeimage3180\freeimage\source\openexr\ilmimf\imfdwacompressor.cpp(702): warning C4267: “初始化”: 从“size_t”转换到“int”，可能丢失数据
e:\freeimage3180\freeimage\source\openexr\ilmimf\imfdwacompressor.cpp(756): warning C4018: “<”: 有符号/无符号不匹配
e:\freeimage3180\freeimage\source\openexr\ilmimf\imfdwacompressor.cpp(785): warning C4018: “<”: 有符号/无符号不匹配
e:\freeimage3180\freeimage\source\openexr\ilmimf\imfdwacompressor.cpp(941): warning C4018: “<”: 有符号/无符号不匹配
e:\freeimage3180\freeimage\source\openexr\ilmimf\imfdwacompressor.cpp(1139): warning C4018: “<”: 有符号/无符号不匹配
e:\freeimage3180\freeimage\source\openexr\ilmimf\imfdwacompressor.cpp(1914): warning C4267: “+=”: 从“size_t”转换到“unsigned short”，可能丢失数据
e:\freeimage3180\freeimage\source\openexr\ilmimf\imfdwacompressor.cpp(2428): warning C4267: “-=”: 从“size_t”转换到“unsigned short”，可能丢失数据
e:\freeimage3180\freeimage\source\openexr\ilmimf\imfdwacompressor.cpp(2998): warning C4267: “+=”: 从“size_t”转换到“int”，可能丢失数据
  ImfEnvmap.cpp
  ImfEnvmapAttribute.cpp
  ImfFastHuf.cpp
e:\freeimage3180\freeimage\source\openexr\ilmimf\imffasthuf.cpp(153): warning C4244: “初始化”: 从“Imath_2_2::Int64”转换到“int”，可能丢失数据
e:\freeimage3180\freeimage\source\openexr\ilmimf\imffasthuf.cpp(167): warning C4244: “初始化”: 从“Imath_2_2::Int64”转换到“int”，可能丢失数据
e:\freeimage3180\freeimage\source\openexr\ilmimf\imffasthuf.cpp(183): warning C4244: “=”: 从“Imath_2_2::Int64”转换到“unsigned char”，可能丢失数据
e:\freeimage3180\freeimage\source\openexr\ilmimf\imffasthuf.cpp(186): warning C4244: “=”: 从“Imath_2_2::Int64”转换到“unsigned char”，可能丢失数据
e:\freeimage3180\freeimage\source\openexr\ilmimf\imffasthuf.cpp(193): warning C4267: “+=”: 从“size_t”转换到“int”，可能丢失数据
e:\freeimage3180\freeimage\source\openexr\ilmimf\imffasthuf.cpp(256): warning C4244: “初始化”: 从“unsigned __int64”转换到“int”，可能丢失数据
  ImfFloatAttribute.cpp
  ImfFloatVectorAttribute.cpp
e:\freeimage3180\freeimage\source\openexr\ilmimf\imffloatvectorattribute.cpp(64): warning C4267: “初始化”: 从“size_t”转换到“int”，可能丢失数据
  ImfFrameBuffer.cpp
  ImfFramesPerSecond.cpp
  ImfGenericInputFile.cpp
  ImfGenericOutputFile.cpp
  ImfHeader.cpp
  ImfHuf.cpp
e:\freeimage3180\freeimage\source\openexr\ilmimf\imfhuf.cpp(171): warning C4244: “=”: 从“Imath_2_2::Int64”转换到“char”，可能丢失数据
e:\freeimage3180\freeimage\source\openexr\ilmimf\imfhuf.cpp(250): warning C4244: “初始化”: 从“Imath_2_2::Int64”转换到“int”，可能丢失数据
e:\freeimage3180\freeimage\source\openexr\ilmimf\imfhuf.cpp(375): warning C4244: “初始化”: 从“__int64”转换到“int”，可能丢失数据
e:\freeimage3180\freeimage\source\openexr\ilmimf\imfhuf.cpp(379): warning C4244: “初始化”: 从“__int64”转换到“int”，可能丢失数据
e:\freeimage3180\freeimage\source\openexr\ilmimf\imfhuf.cpp(481): warning C4244: “初始化”: 从“Imath_2_2::Int64”转换到“int”，可能丢失数据
e:\freeimage3180\freeimage\source\openexr\ilmimf\imfhuf.cpp(550): warning C4244: “初始化”: 从“Imath_2_2::Int64”转换到“int”，可能丢失数据
e:\freeimage3180\freeimage\source\openexr\ilmimf\imfhuf.cpp(562): warning C4244: “初始化”: 从“Imath_2_2::Int64”转换到“int”，可能丢失数据
e:\freeimage3180\freeimage\source\openexr\ilmimf\imfhuf.cpp(621): warning C4244: “初始化”: 从“Imath_2_2::Int64”转换到“int”，可能丢失数据
e:\freeimage3180\freeimage\source\openexr\ilmimf\imfhuf.cpp(679): warning C4334: “<<”: 32 位移位的结果被隐式转换为 64 位(是否希望进行 64 位移位?)
e:\freeimage3180\freeimage\source\openexr\ilmimf\imfhuf.cpp(724): warning C4244: “参数”: 从“Imath_2_2::Int64”转换到“int”，可能丢失数据
e:\freeimage3180\freeimage\source\openexr\ilmimf\imfhuf.cpp(804): warning C4244: “return”: 从“__int64”转换到“int”，可能丢失数据
e:\freeimage3180\freeimage\source\openexr\ilmimf\imfhuf.cpp(900): warning C4244: “初始化”: 从“Imath_2_2::Int64”转换到“unsigned char”，可能丢失数据
e:\freeimage3180\freeimage\source\openexr\ilmimf\imfhuf.cpp(915): warning C4244: “初始化”: 从“Imath_2_2::Int64”转换到“int”，可能丢失数据
e:\freeimage3180\freeimage\source\openexr\ilmimf\imfhuf.cpp(930): warning C4244: “初始化”: 从“Imath_2_2::Int64”转换到“unsigned char”，可能丢失数据
e:\freeimage3180\freeimage\source\openexr\ilmimf\imfhuf.cpp(957): warning C4244: “初始化”: 从“Imath_2_2::Int64”转换到“unsigned char”，可能丢失数据
e:\freeimage3180\freeimage\source\openexr\ilmimf\imfhuf.cpp(1033): warning C4244: “初始化”: 从“__int64”转换到“int”，可能丢失数据
e:\freeimage3180\freeimage\source\openexr\ilmimf\imfhuf.cpp(1045): warning C4244: “return”: 从“__int64”转换到“int”，可能丢失数据
e:\freeimage3180\freeimage\source\openexr\ilmimf\imfhuf.cpp(1081): warning C4244: “参数”: 从“__int64”转换到“int”，可能丢失数据
e:\freeimage3180\freeimage\source\openexr\ilmimf\imfhuf.cpp(1092): warning C4244: “参数”: 从“__int64”转换到“int”，可能丢失数据
  ImfInputFile.cpp
  正在生成代码...
  正在编译...
  ImfInputPart.cpp
  ImfInputPartData.cpp
  ImfIntAttribute.cpp
  ImfIO.cpp
  ImfKeyCode.cpp
  ImfKeyCodeAttribute.cpp
  ImfLineOrderAttribute.cpp
  ImfLut.cpp
e:\freeimage3180\freeimage\source\openexr\ilmimf\imflut.cpp(156): warning C4244: “初始化”: 从“double”转换到“float”，可能丢失数据
e:\freeimage3180\freeimage\source\openexr\ilmimf\imflut.cpp(156): warning C4244: “初始化”: 从“double”转换到“const float”，可能丢失数据
e:\freeimage3180\freeimage\source\openexr\ilmimf\imflut.cpp(174): warning C4244: “参数”: 从“double”转换到“float”，可能丢失数据
  ImfMatrixAttribute.cpp
  ImfMisc.cpp
e:\freeimage3180\freeimage\source\openexr\ilmimf\imfmisc.cpp(240): warning C4267: “参数”: 从“size_t”转换到“int”，可能丢失数据
e:\freeimage3180\freeimage\source\openexr\ilmimf\imfmisc.cpp(313): warning C4244: “参数”: 从“double”转换到“float”，可能丢失数据
e:\freeimage3180\freeimage\source\openexr\ilmimf\imfmisc.cpp(558): warning C4267: “初始化”: 从“size_t”转换到“int”，可能丢失数据
e:\freeimage3180\freeimage\source\openexr\ilmimf\imfmisc.cpp(692): warning C4244: “参数”: 从“ptrdiff_t”转换到“int”，可能丢失数据
e:\freeimage3180\freeimage\source\openexr\ilmimf\imfmisc.cpp(691): warning C4244: “参数”: 从“ptrdiff_t”转换到“int”，可能丢失数据
e:\freeimage3180\freeimage\source\openexr\ilmimf\imfmisc.cpp(708): warning C4244: “参数”: 从“double”转换到“float”，可能丢失数据
e:\freeimage3180\freeimage\source\openexr\ilmimf\imfmisc.cpp(718): warning C4244: “参数”: 从“ptrdiff_t”转换到“int”，可能丢失数据
e:\freeimage3180\freeimage\source\openexr\ilmimf\imfmisc.cpp(717): warning C4244: “参数”: 从“ptrdiff_t”转换到“int”，可能丢失数据
e:\freeimage3180\freeimage\source\openexr\ilmimf\imfmisc.cpp(744): warning C4244: “参数”: 从“ptrdiff_t”转换到“int”，可能丢失数据
e:\freeimage3180\freeimage\source\openexr\ilmimf\imfmisc.cpp(743): warning C4244: “参数”: 从“ptrdiff_t”转换到“int”，可能丢失数据
e:\freeimage3180\freeimage\source\openexr\ilmimf\imfmisc.cpp(786): warning C4244: “参数”: 从“ptrdiff_t”转换到“int”，可能丢失数据
e:\freeimage3180\freeimage\source\openexr\ilmimf\imfmisc.cpp(785): warning C4244: “参数”: 从“ptrdiff_t”转换到“int”，可能丢失数据
e:\freeimage3180\freeimage\source\openexr\ilmimf\imfmisc.cpp(811): warning C4244: “参数”: 从“ptrdiff_t”转换到“int”，可能丢失数据
e:\freeimage3180\freeimage\source\openexr\ilmimf\imfmisc.cpp(810): warning C4244: “参数”: 从“ptrdiff_t”转换到“int”，可能丢失数据
e:\freeimage3180\freeimage\source\openexr\ilmimf\imfmisc.cpp(838): warning C4244: “参数”: 从“ptrdiff_t”转换到“int”，可能丢失数据
e:\freeimage3180\freeimage\source\openexr\ilmimf\imfmisc.cpp(837): warning C4244: “参数”: 从“ptrdiff_t”转换到“int”，可能丢失数据
e:\freeimage3180\freeimage\source\openexr\ilmimf\imfmisc.cpp(874): warning C4244: “参数”: 从“ptrdiff_t”转换到“int”，可能丢失数据
e:\freeimage3180\freeimage\source\openexr\ilmimf\imfmisc.cpp(873): warning C4244: “参数”: 从“ptrdiff_t”转换到“int”，可能丢失数据
e:\freeimage3180\freeimage\source\openexr\ilmimf\imfmisc.cpp(901): warning C4244: “参数”: 从“ptrdiff_t”转换到“int”，可能丢失数据
e:\freeimage3180\freeimage\source\openexr\ilmimf\imfmisc.cpp(900): warning C4244: “参数”: 从“ptrdiff_t”转换到“int”，可能丢失数据
e:\freeimage3180\freeimage\source\openexr\ilmimf\imfmisc.cpp(926): warning C4244: “参数”: 从“ptrdiff_t”转换到“int”，可能丢失数据
e:\freeimage3180\freeimage\source\openexr\ilmimf\imfmisc.cpp(925): warning C4244: “参数”: 从“ptrdiff_t”转换到“int”，可能丢失数据
e:\freeimage3180\freeimage\source\openexr\ilmimf\imfmisc.cpp(961): warning C4244: “参数”: 从“ptrdiff_t”转换到“int”，可能丢失数据
e:\freeimage3180\freeimage\source\openexr\ilmimf\imfmisc.cpp(960): warning C4244: “参数”: 从“ptrdiff_t”转换到“int”，可能丢失数据
e:\freeimage3180\freeimage\source\openexr\ilmimf\imfmisc.cpp(987): warning C4244: “参数”: 从“ptrdiff_t”转换到“int”，可能丢失数据
e:\freeimage3180\freeimage\source\openexr\ilmimf\imfmisc.cpp(986): warning C4244: “参数”: 从“ptrdiff_t”转换到“int”，可能丢失数据
e:\freeimage3180\freeimage\source\openexr\ilmimf\imfmisc.cpp(1015): warning C4244: “参数”: 从“ptrdiff_t”转换到“int”，可能丢失数据
e:\freeimage3180\freeimage\source\openexr\ilmimf\imfmisc.cpp(1014): warning C4244: “参数”: 从“ptrdiff_t”转换到“int”，可能丢失数据
e:\freeimage3180\freeimage\source\openexr\ilmimf\imfmisc.cpp(1064): warning C4244: “参数”: 从“ptrdiff_t”转换到“int”，可能丢失数据
e:\freeimage3180\freeimage\source\openexr\ilmimf\imfmisc.cpp(1063): warning C4244: “参数”: 从“ptrdiff_t”转换到“int”，可能丢失数据
e:\freeimage3180\freeimage\source\openexr\ilmimf\imfmisc.cpp(1092): warning C4244: “参数”: 从“ptrdiff_t”转换到“int”，可能丢失数据
e:\freeimage3180\freeimage\source\openexr\ilmimf\imfmisc.cpp(1091): warning C4244: “参数”: 从“ptrdiff_t”转换到“int”，可能丢失数据
e:\freeimage3180\freeimage\source\openexr\ilmimf\imfmisc.cpp(1119): warning C4244: “参数”: 从“ptrdiff_t”转换到“int”，可能丢失数据
e:\freeimage3180\freeimage\source\openexr\ilmimf\imfmisc.cpp(1118): warning C4244: “参数”: 从“ptrdiff_t”转换到“int”，可能丢失数据
e:\freeimage3180\freeimage\source\openexr\ilmimf\imfmisc.cpp(1160): warning C4244: “参数”: 从“ptrdiff_t”转换到“int”，可能丢失数据
e:\freeimage3180\freeimage\source\openexr\ilmimf\imfmisc.cpp(1159): warning C4244: “参数”: 从“ptrdiff_t”转换到“int”，可能丢失数据
e:\freeimage3180\freeimage\source\openexr\ilmimf\imfmisc.cpp(1191): warning C4244: “参数”: 从“ptrdiff_t”转换到“int”，可能丢失数据
e:\freeimage3180\freeimage\source\openexr\ilmimf\imfmisc.cpp(1190): warning C4244: “参数”: 从“ptrdiff_t”转换到“int”，可能丢失数据
e:\freeimage3180\freeimage\source\openexr\ilmimf\imfmisc.cpp(1217): warning C4244: “参数”: 从“ptrdiff_t”转换到“int”，可能丢失数据
e:\freeimage3180\freeimage\source\openexr\ilmimf\imfmisc.cpp(1216): warning C4244: “参数”: 从“ptrdiff_t”转换到“int”，可能丢失数据
e:\freeimage3180\freeimage\source\openexr\ilmimf\imfmisc.cpp(1257): warning C4244: “参数”: 从“ptrdiff_t”转换到“int”，可能丢失数据
e:\freeimage3180\freeimage\source\openexr\ilmimf\imfmisc.cpp(1256): warning C4244: “参数”: 从“ptrdiff_t”转换到“int”，可能丢失数据
e:\freeimage3180\freeimage\source\openexr\ilmimf\imfmisc.cpp(1288): warning C4244: “参数”: 从“ptrdiff_t”转换到“int”，可能丢失数据
e:\freeimage3180\freeimage\source\openexr\ilmimf\imfmisc.cpp(1287): warning C4244: “参数”: 从“ptrdiff_t”转换到“int”，可能丢失数据
e:\freeimage3180\freeimage\source\openexr\ilmimf\imfmisc.cpp(1315): warning C4244: “参数”: 从“ptrdiff_t”转换到“int”，可能丢失数据
e:\freeimage3180\freeimage\source\openexr\ilmimf\imfmisc.cpp(1314): warning C4244: “参数”: 从“ptrdiff_t”转换到“int”，可能丢失数据
e:\freeimage3180\freeimage\source\openexr\ilmimf\imfmisc.cpp(1357): warning C4267: “参数”: 从“size_t”转换到“int”，可能丢失数据
e:\freeimage3180\freeimage\source\openexr\ilmimf\imfmisc.cpp(1362): warning C4267: “参数”: 从“size_t”转换到“int”，可能丢失数据
e:\freeimage3180\freeimage\source\openexr\ilmimf\imfmisc.cpp(1367): warning C4267: “参数”: 从“size_t”转换到“int”，可能丢失数据
e:\freeimage3180\freeimage\source\openexr\ilmimf\imfmisc.cpp(1557): warning C4244: “参数”: 从“ptrdiff_t”转换到“int”，可能丢失数据
e:\freeimage3180\freeimage\source\openexr\ilmimf\imfmisc.cpp(1556): warning C4244: “参数”: 从“ptrdiff_t”转换到“int”，可能丢失数据
e:\freeimage3180\freeimage\source\openexr\ilmimf\imfmisc.cpp(1578): warning C4244: “参数”: 从“ptrdiff_t”转换到“int”，可能丢失数据
e:\freeimage3180\freeimage\source\openexr\ilmimf\imfmisc.cpp(1577): warning C4244: “参数”: 从“ptrdiff_t”转换到“int”，可能丢失数据
e:\freeimage3180\freeimage\source\openexr\ilmimf\imfmisc.cpp(1598): warning C4244: “参数”: 从“ptrdiff_t”转换到“int”，可能丢失数据
e:\freeimage3180\freeimage\source\openexr\ilmimf\imfmisc.cpp(1597): warning C4244: “参数”: 从“ptrdiff_t”转换到“int”，可能丢失数据
e:\freeimage3180\freeimage\source\openexr\ilmimf\imfmisc.cpp(1632): warning C4244: “参数”: 从“ptrdiff_t”转换到“int”，可能丢失数据
e:\freeimage3180\freeimage\source\openexr\ilmimf\imfmisc.cpp(1631): warning C4244: “参数”: 从“ptrdiff_t”转换到“int”，可能丢失数据
e:\freeimage3180\freeimage\source\openexr\ilmimf\imfmisc.cpp(1655): warning C4244: “参数”: 从“ptrdiff_t”转换到“int”，可能丢失数据
e:\freeimage3180\freeimage\source\openexr\ilmimf\imfmisc.cpp(1654): warning C4244: “参数”: 从“ptrdiff_t”转换到“int”，可能丢失数据
e:\freeimage3180\freeimage\source\openexr\ilmimf\imfmisc.cpp(1676): warning C4244: “参数”: 从“ptrdiff_t”转换到“int”，可能丢失数据
e:\freeimage3180\freeimage\source\openexr\ilmimf\imfmisc.cpp(1675): warning C4244: “参数”: 从“ptrdiff_t”转换到“int”，可能丢失数据
  ImfMultiPartInputFile.cpp
e:\freeimage3180\freeimage\source\openexr\ilmimf\imfmultipartinputfile.cpp(427): warning C4267: “参数”: 从“size_t”转换到“int”，可能丢失数据
  ImfMultiPartOutputFile.cpp
e:\freeimage3180\freeimage\source\openexr\ilmimf\imfmultipartoutputfile.cpp(221): warning C4267: “参数”: 从“size_t”转换到“int”，可能丢失数据
e:\freeimage3180\freeimage\source\openexr\ilmimf\imfmultipartoutputfile.cpp(223): warning C4267: “参数”: 从“size_t”转换到“int”，可能丢失数据
e:\freeimage3180\freeimage\source\openexr\ilmimf\imfmultipartoutputfile.cpp(267): warning C4267: “参数”: 从“size_t”转换到“int”，可能丢失数据
e:\freeimage3180\freeimage\source\openexr\ilmimf\imfmultipartoutputfile.cpp(269): warning C4267: “参数”: 从“size_t”转换到“int”，可能丢失数据
e:\freeimage3180\freeimage\source\openexr\ilmimf\imfmultipartoutputfile.cpp(302): warning C4267: “return”: 从“size_t”转换到“int”，可能丢失数据
  ImfMultiView.cpp
e:\freeimage3180\freeimage\source\openexr\ilmimf\imfmultiview.cpp(109): warning C4267: “return”: 从“size_t”转换到“int”，可能丢失数据
  ImfOpaqueAttribute.cpp
e:\freeimage3180\freeimage\source\openexr\ilmimf\imfopaqueattribute.cpp(54): warning C4267: “参数”: 从“size_t”转换到“long”，可能丢失数据
e:\freeimage3180\freeimage\source\openexr\ilmimf\imfopaqueattribute.cpp(63): warning C4267: “参数”: 从“size_t”转换到“long”，可能丢失数据
  ImfOutputFile.cpp
e:\freeimage3180\freeimage\source\openexr\ilmimf\imfoutputfile.cpp(595): warning C4244: “=”: 从“__int64”转换到“int”，可能丢失数据
e:\freeimage3180\freeimage\source\openexr\ilmimf\imfoutputfile.cpp(815): warning C4267: “参数”: 从“size_t”转换到“long”，可能丢失数据
  ImfOutputPart.cpp
  ImfOutputPartData.cpp
  ImfPartType.cpp
  ImfPizCompressor.cpp
e:\freeimage3180\freeimage\source\openexr\ilmimf\imfpizcompressor.cpp : warning C4819: 该文件包含不能在当前代码页(936)中表示的字符。请将该文件保存为 Unicode 格式以防止数据丢失
e:\freeimage3180\freeimage\source\openexr\ilmimf\imfpizcompressor.cpp(185): warning C4267: “初始化”: 从“size_t”转换到“int”，可能丢失数据
e:\freeimage3180\freeimage\source\openexr\ilmimf\imfpizcompressor.cpp(429): warning C4244: “参数”: 从“__int64”转换到“int”，可能丢失数据
e:\freeimage3180\freeimage\source\openexr\ilmimf\imfpizcompressor.cpp(435): warning C4244: “参数”: 从“__int64”转换到“int”，可能丢失数据
e:\freeimage3180\freeimage\source\openexr\ilmimf\imfpizcompressor.cpp(476): warning C4244: “参数”: 从“__int64”转换到“int”，可能丢失数据
e:\freeimage3180\freeimage\source\openexr\ilmimf\imfpizcompressor.cpp(480): warning C4244: “return”: 从“__int64”转换到“int”，可能丢失数据
e:\freeimage3180\freeimage\source\openexr\ilmimf\imfpizcompressor.cpp(582): warning C4244: “参数”: 从“__int64”转换到“int”，可能丢失数据
e:\freeimage3180\freeimage\source\openexr\ilmimf\imfpizcompressor.cpp(605): warning C4244: “参数”: 从“__int64”转换到“int”，可能丢失数据
e:\freeimage3180\freeimage\source\openexr\ilmimf\imfpizcompressor.cpp(669): warning C4244: “return”: 从“__int64”转换到“int”，可能丢失数据
  ImfPreviewImage.cpp
  正在生成代码...
  正在编译...
  ImfPreviewImageAttribute.cpp
  ImfPxr24Compressor.cpp
e:\freeimage3180\freeimage\source\openexr\ilmimf\imfpxr24compressor.cpp(192): warning C4267: “初始化”: 从“size_t”转换到“int”，可能丢失数据
e:\freeimage3180\freeimage\source\openexr\ilmimf\imfpxr24compressor.cpp(405): warning C4244: “参数”: 从“__int64”转换到“uLong”，可能丢失数据
e:\freeimage3180\freeimage\source\openexr\ilmimf\imfpxr24compressor.cpp(550): warning C4244: “return”: 从“__int64”转换到“int”，可能丢失数据
  ImfRational.cpp
  ImfRationalAttribute.cpp
  ImfRgbaFile.cpp
e:\freeimage3180\freeimage\source\openexr\ilmimf\imfrgbafile.cpp(172): warning C4334: “<<”: 32 位移位的结果被隐式转换为 64 位(是否希望进行 64 位移位?)
e:\freeimage3180\freeimage\source\openexr\ilmimf\imfrgbafile.cpp(180): warning C4334: “<<”: 32 位移位的结果被隐式转换为 64 位(是否希望进行 64 位移位?)
e:\freeimage3180\freeimage\source\openexr\ilmimf\imfrgbafile.cpp(183): warning C4334: “<<”: 32 位移位的结果被隐式转换为 64 位(是否希望进行 64 位移位?)
  ImfRgbaYca.cpp
  ImfRle.cpp
e:\freeimage3180\freeimage\source\openexr\ilmimf\imfrle.cpp(76): warning C4244: “=”: 从“__int64”转换到“signed char”，可能丢失数据
e:\freeimage3180\freeimage\source\openexr\ilmimf\imfrle.cpp(96): warning C4244: “=”: 从“__int64”转换到“signed char”，可能丢失数据
e:\freeimage3180\freeimage\source\openexr\ilmimf\imfrle.cpp(107): warning C4244: “return”: 从“__int64”转换到“int”，可能丢失数据
e:\freeimage3180\freeimage\source\openexr\ilmimf\imfrle.cpp(151): warning C4244: “return”: 从“__int64”转换到“int”，可能丢失数据
  ImfRleCompressor.cpp
e:\freeimage3180\freeimage\source\openexr\ilmimf\imfrlecompressor.cpp : warning C4819: 该文件包含不能在当前代码页(936)中表示的字符。请将该文件保存为 Unicode 格式以防止数据丢失
e:\freeimage3180\freeimage\source\openexr\ilmimf\imfrlecompressor.cpp(56): warning C4267: “初始化”: 从“size_t”转换到“int”，可能丢失数据
  ImfScanLineInputFile.cpp
e:\freeimage3180\freeimage\source\openexr\ilmimf\imfoptimizedpixelreading.h(73): warning C4311: “类型强制转换”: 从“const void *__restrict ”到“unsigned long”的指针截断
e:\freeimage3180\freeimage\source\openexr\ilmimf\imfoptimizedpixelreading.h(73): warning C4302: “类型强制转换”: 从“const void *__restrict ”到“unsigned long”截断
e:\freeimage3180\freeimage\source\openexr\ilmimf\imfscanlineinputfile.cpp(1467): warning C4244: “参数”: 从“const double”转换到“float”，可能丢失数据
  ImfStandardAttributes.cpp
  ImfStdIO.cpp
  ImfStringAttribute.cpp
e:\freeimage3180\freeimage\source\openexr\ilmimf\imfstringattribute.cpp(62): warning C4267: “初始化”: 从“size_t”转换到“int”，可能丢失数据
  ImfStringVectorAttribute.cpp
e:\freeimage3180\freeimage\source\openexr\ilmimf\imfstringvectorattribute.cpp(62): warning C4267: “初始化”: 从“size_t”转换到“int”，可能丢失数据
e:\freeimage3180\freeimage\source\openexr\ilmimf\imfstringvectorattribute.cpp(66): warning C4267: “初始化”: 从“size_t”转换到“int”，可能丢失数据
  ImfSystemSpecific.cpp
  ImfTestFile.cpp
  ImfThreading.cpp
  ImfTileDescriptionAttribute.cpp
  ImfTiledInputFile.cpp
e:\freeimage3180\freeimage\source\openexr\ilmimf\imftiledinputfile.cpp(523): warning C4267: “初始化”: 从“size_t”转换到“int”，可能丢失数据
  ImfTiledInputPart.cpp
  ImfTiledMisc.cpp
  正在生成代码...
  正在编译...
  ImfTiledOutputFile.cpp
e:\freeimage3180\freeimage\source\openexr\ilmimf\imftiledoutputfile.cpp(804): warning C4244: “=”: 从“__int64”转换到“int”，可能丢失数据
e:\freeimage3180\freeimage\source\openexr\ilmimf\imftiledoutputfile.cpp(1037): warning C4267: “参数”: 从“size_t”转换到“long”，可能丢失数据
  ImfTiledOutputPart.cpp
  ImfTiledRgbaFile.cpp
  ImfTileOffsets.cpp
e:\freeimage3180\freeimage\source\openexr\ilmimf\imftileoffsets.cpp(154): warning C4244: “参数”: 从“Imath_2_2::Int64”转换到“int”，可能丢失数据
  ImfTimeCode.cpp
  ImfTimeCodeAttribute.cpp
  ImfVecAttribute.cpp
  ImfVersion.cpp
  ImfWav.cpp
  ImfZip.cpp
e:\freeimage3180\freeimage\source\openexr\ilmimf\imfzip.cpp(146): warning C4267: “初始化”: 从“size_t”转换到“uLongf”，可能丢失数据
  ImfZipCompressor.cpp
e:\freeimage3180\freeimage\source\openexr\ilmimf\imfzipcompressor.cpp : warning C4819: 该文件包含不能在当前代码页(936)中表示的字符。请将该文件保存为 Unicode 格式以防止数据丢失
e:\freeimage3180\freeimage\source\openexr\ilmimf\imfzipcompressor.cpp(62): warning C4267: “初始化”: 从“size_t”转换到“int”，可能丢失数据
  ImathBox.cpp
  ImathColorAlgo.cpp
  ImathFun.cpp
  ImathMatrixAlgo.cpp
  ImathRandom.cpp
  ImathShear.cpp
  ImathVec.cpp
  IexBaseExc.cpp
  IexThrowErrnoExc.cpp
  正在生成代码...
  正在编译...
  half.cpp
  IlmThread.cpp
e:\freeimage3180\freeimage\source\openexr\ilmthread\ilmthread.cpp(67): warning C4297: “IlmThread_2_2::Thread::~Thread”: 假定函数不引发异常，但确实发生了
  e:\freeimage3180\freeimage\source\openexr\ilmthread\ilmthread.cpp(67): note: 析构函数或释放器具有一个(可能是隐含的)非引发异常规范
  IlmThreadMutex.cpp
  IlmThreadPool.cpp
e:\freeimage3180\freeimage\source\openexr\ilmthread\ilmthreadpool.cpp(371): warning C4267: “return”: 从“size_t”转换到“int”，可能丢失数据
  IlmThreadSemaphore.cpp
  IexMathFloatExc.cpp
  正在生成代码...
ImathShear.obj : warning LNK4221: 此对象文件未定义任何之前未定义的公共符号，因此任何耗用此库的链接操作都不会使用此文件
ImathBox.obj : warning LNK4221: 此对象文件未定义任何之前未定义的公共符号，因此任何耗用此库的链接操作都不会使用此文件
  OpenEXR.2017.vcxproj -> E:\FreeImage3180\FreeImage\Source\OpenEXR\.\x64\Debug\OpenEXR.lib
