e:\freeimage3180\freeimage\source\openexr\x64\debug\openexr.pdb
e:\freeimage3180\freeimage\source\openexr\x64\debug\imfdeepscanlineinputpart.obj
e:\freeimage3180\freeimage\source\openexr\x64\debug\imfdeepscanlineinputfile.obj
e:\freeimage3180\freeimage\source\openexr\x64\debug\imfdeepimagestateattribute.obj
e:\freeimage3180\freeimage\source\openexr\x64\debug\imfdeepframebuffer.obj
e:\freeimage3180\freeimage\source\openexr\x64\debug\imfdeepcompositing.obj
e:\freeimage3180\freeimage\source\openexr\x64\debug\imfcrgbafile.obj
e:\freeimage3180\freeimage\source\openexr\x64\debug\imfconvert.obj
e:\freeimage3180\freeimage\source\openexr\x64\debug\imfcompressor.obj
e:\freeimage3180\freeimage\source\openexr\x64\debug\imfcompressionattribute.obj
e:\freeimage3180\freeimage\source\openexr\x64\debug\imfcompositedeepscanline.obj
e:\freeimage3180\freeimage\source\openexr\x64\debug\imfchromaticitiesattribute.obj
e:\freeimage3180\freeimage\source\openexr\x64\debug\imfchromaticities.obj
e:\freeimage3180\freeimage\source\openexr\x64\debug\imfchannellistattribute.obj
e:\freeimage3180\freeimage\source\openexr\x64\debug\imfchannellist.obj
e:\freeimage3180\freeimage\source\openexr\x64\debug\imfboxattribute.obj
e:\freeimage3180\freeimage\source\openexr\x64\debug\imfb44compressor.obj
e:\freeimage3180\freeimage\source\openexr\x64\debug\imfattribute.obj
e:\freeimage3180\freeimage\source\openexr\x64\debug\imfacesfile.obj
e:\freeimage3180\freeimage\source\openexr\x64\debug\b44explogtable.obj
e:\freeimage3180\freeimage\source\openexr\x64\debug\iexmathfpu.obj
e:\freeimage3180\freeimage\source\openexr\x64\debug\imfinputfile.obj
e:\freeimage3180\freeimage\source\openexr\x64\debug\imfhuf.obj
e:\freeimage3180\freeimage\source\openexr\x64\debug\imfheader.obj
e:\freeimage3180\freeimage\source\openexr\x64\debug\imfgenericoutputfile.obj
e:\freeimage3180\freeimage\source\openexr\x64\debug\imfgenericinputfile.obj
e:\freeimage3180\freeimage\source\openexr\x64\debug\imfframespersecond.obj
e:\freeimage3180\freeimage\source\openexr\x64\debug\imfframebuffer.obj
e:\freeimage3180\freeimage\source\openexr\x64\debug\imffloatvectorattribute.obj
e:\freeimage3180\freeimage\source\openexr\x64\debug\imffloatattribute.obj
e:\freeimage3180\freeimage\source\openexr\x64\debug\imffasthuf.obj
e:\freeimage3180\freeimage\source\openexr\x64\debug\imfenvmapattribute.obj
e:\freeimage3180\freeimage\source\openexr\x64\debug\imfenvmap.obj
e:\freeimage3180\freeimage\source\openexr\x64\debug\imfdwacompressor.obj
e:\freeimage3180\freeimage\source\openexr\x64\debug\imfdoubleattribute.obj
e:\freeimage3180\freeimage\source\openexr\x64\debug\imfdeeptiledoutputpart.obj
e:\freeimage3180\freeimage\source\openexr\x64\debug\imfdeeptiledoutputfile.obj
e:\freeimage3180\freeimage\source\openexr\x64\debug\imfdeeptiledinputpart.obj
e:\freeimage3180\freeimage\source\openexr\x64\debug\imfdeeptiledinputfile.obj
e:\freeimage3180\freeimage\source\openexr\x64\debug\imfdeepscanlineoutputpart.obj
e:\freeimage3180\freeimage\source\openexr\x64\debug\imfdeepscanlineoutputfile.obj
e:\freeimage3180\freeimage\source\openexr\x64\debug\imfpreviewimage.obj
e:\freeimage3180\freeimage\source\openexr\x64\debug\imfpizcompressor.obj
e:\freeimage3180\freeimage\source\openexr\x64\debug\imfparttype.obj
e:\freeimage3180\freeimage\source\openexr\x64\debug\imfoutputpartdata.obj
e:\freeimage3180\freeimage\source\openexr\x64\debug\imfoutputpart.obj
e:\freeimage3180\freeimage\source\openexr\x64\debug\imfoutputfile.obj
e:\freeimage3180\freeimage\source\openexr\x64\debug\imfopaqueattribute.obj
e:\freeimage3180\freeimage\source\openexr\x64\debug\imfmultiview.obj
e:\freeimage3180\freeimage\source\openexr\x64\debug\imfmultipartoutputfile.obj
e:\freeimage3180\freeimage\source\openexr\x64\debug\imfmultipartinputfile.obj
e:\freeimage3180\freeimage\source\openexr\x64\debug\imfmisc.obj
e:\freeimage3180\freeimage\source\openexr\x64\debug\imfmatrixattribute.obj
e:\freeimage3180\freeimage\source\openexr\x64\debug\imflut.obj
e:\freeimage3180\freeimage\source\openexr\x64\debug\imflineorderattribute.obj
e:\freeimage3180\freeimage\source\openexr\x64\debug\imfkeycodeattribute.obj
e:\freeimage3180\freeimage\source\openexr\x64\debug\imfkeycode.obj
e:\freeimage3180\freeimage\source\openexr\x64\debug\imfio.obj
e:\freeimage3180\freeimage\source\openexr\x64\debug\imfintattribute.obj
e:\freeimage3180\freeimage\source\openexr\x64\debug\imfinputpartdata.obj
e:\freeimage3180\freeimage\source\openexr\x64\debug\imfinputpart.obj
e:\freeimage3180\freeimage\source\openexr\x64\debug\imftiledmisc.obj
e:\freeimage3180\freeimage\source\openexr\x64\debug\imftiledinputpart.obj
e:\freeimage3180\freeimage\source\openexr\x64\debug\imftiledinputfile.obj
e:\freeimage3180\freeimage\source\openexr\x64\debug\imftiledescriptionattribute.obj
e:\freeimage3180\freeimage\source\openexr\x64\debug\imfthreading.obj
e:\freeimage3180\freeimage\source\openexr\x64\debug\imftestfile.obj
e:\freeimage3180\freeimage\source\openexr\x64\debug\imfsystemspecific.obj
e:\freeimage3180\freeimage\source\openexr\x64\debug\imfstringvectorattribute.obj
e:\freeimage3180\freeimage\source\openexr\x64\debug\imfstringattribute.obj
e:\freeimage3180\freeimage\source\openexr\x64\debug\imfstdio.obj
e:\freeimage3180\freeimage\source\openexr\x64\debug\imfstandardattributes.obj
e:\freeimage3180\freeimage\source\openexr\x64\debug\imfscanlineinputfile.obj
e:\freeimage3180\freeimage\source\openexr\x64\debug\imfrlecompressor.obj
e:\freeimage3180\freeimage\source\openexr\x64\debug\imfrle.obj
e:\freeimage3180\freeimage\source\openexr\x64\debug\imfrgbayca.obj
e:\freeimage3180\freeimage\source\openexr\x64\debug\imfrgbafile.obj
e:\freeimage3180\freeimage\source\openexr\x64\debug\imfrationalattribute.obj
e:\freeimage3180\freeimage\source\openexr\x64\debug\imfrational.obj
e:\freeimage3180\freeimage\source\openexr\x64\debug\imfpxr24compressor.obj
e:\freeimage3180\freeimage\source\openexr\x64\debug\imfpreviewimageattribute.obj
e:\freeimage3180\freeimage\source\openexr\x64\debug\iexthrowerrnoexc.obj
e:\freeimage3180\freeimage\source\openexr\x64\debug\iexbaseexc.obj
e:\freeimage3180\freeimage\source\openexr\x64\debug\imathvec.obj
e:\freeimage3180\freeimage\source\openexr\x64\debug\imathshear.obj
e:\freeimage3180\freeimage\source\openexr\x64\debug\imathrandom.obj
e:\freeimage3180\freeimage\source\openexr\x64\debug\imathmatrixalgo.obj
e:\freeimage3180\freeimage\source\openexr\x64\debug\imathfun.obj
e:\freeimage3180\freeimage\source\openexr\x64\debug\imathcoloralgo.obj
e:\freeimage3180\freeimage\source\openexr\x64\debug\imathbox.obj
e:\freeimage3180\freeimage\source\openexr\x64\debug\imfzipcompressor.obj
e:\freeimage3180\freeimage\source\openexr\x64\debug\imfzip.obj
e:\freeimage3180\freeimage\source\openexr\x64\debug\imfwav.obj
e:\freeimage3180\freeimage\source\openexr\x64\debug\imfversion.obj
e:\freeimage3180\freeimage\source\openexr\x64\debug\imfvecattribute.obj
e:\freeimage3180\freeimage\source\openexr\x64\debug\imftimecodeattribute.obj
e:\freeimage3180\freeimage\source\openexr\x64\debug\imftimecode.obj
e:\freeimage3180\freeimage\source\openexr\x64\debug\imftileoffsets.obj
e:\freeimage3180\freeimage\source\openexr\x64\debug\imftiledrgbafile.obj
e:\freeimage3180\freeimage\source\openexr\x64\debug\imftiledoutputpart.obj
e:\freeimage3180\freeimage\source\openexr\x64\debug\imftiledoutputfile.obj
e:\freeimage3180\freeimage\source\openexr\x64\debug\iexmathfloatexc.obj
e:\freeimage3180\freeimage\source\openexr\x64\debug\ilmthreadsemaphore.obj
e:\freeimage3180\freeimage\source\openexr\x64\debug\ilmthreadpool.obj
e:\freeimage3180\freeimage\source\openexr\x64\debug\ilmthreadmutex.obj
e:\freeimage3180\freeimage\source\openexr\x64\debug\ilmthread.obj
e:\freeimage3180\freeimage\source\openexr\x64\debug\half.obj
e:\freeimage3180\freeimage\source\openexr\x64\debug\openexr.lib
e:\freeimage3180\freeimage\source\openexr\.\x64\debug\openexr.lib
e:\freeimage3180\freeimage\source\openexr\x64\debug\openexr.tlog\cl.command.1.tlog
e:\freeimage3180\freeimage\source\openexr\x64\debug\openexr.tlog\cl.read.1.tlog
e:\freeimage3180\freeimage\source\openexr\x64\debug\openexr.tlog\cl.write.1.tlog
e:\freeimage3180\freeimage\source\openexr\x64\debug\openexr.tlog\lib-link.read.1.tlog
e:\freeimage3180\freeimage\source\openexr\x64\debug\openexr.tlog\lib-link.write.1.tlog
e:\freeimage3180\freeimage\source\openexr\x64\debug\openexr.tlog\lib.command.1.tlog
