e:\freeimage3180\freeimage\source\libpng\x64\debug\libpng.pdb
e:\freeimage3180\freeimage\source\libpng\x64\debug\pngwutil.obj
e:\freeimage3180\freeimage\source\libpng\x64\debug\pngwtran.obj
e:\freeimage3180\freeimage\source\libpng\x64\debug\pngwrite.obj
e:\freeimage3180\freeimage\source\libpng\x64\debug\pngwio.obj
e:\freeimage3180\freeimage\source\libpng\x64\debug\pngtrans.obj
e:\freeimage3180\freeimage\source\libpng\x64\debug\pngset.obj
e:\freeimage3180\freeimage\source\libpng\x64\debug\pngrutil.obj
e:\freeimage3180\freeimage\source\libpng\x64\debug\pngrtran.obj
e:\freeimage3180\freeimage\source\libpng\x64\debug\pngrio.obj
e:\freeimage3180\freeimage\source\libpng\x64\debug\pngread.obj
e:\freeimage3180\freeimage\source\libpng\x64\debug\pngpread.obj
e:\freeimage3180\freeimage\source\libpng\x64\debug\pngmem.obj
e:\freeimage3180\freeimage\source\libpng\x64\debug\pngget.obj
e:\freeimage3180\freeimage\source\libpng\x64\debug\pngerror.obj
e:\freeimage3180\freeimage\source\libpng\x64\debug\png.obj
e:\freeimage3180\freeimage\source\libpng\x64\debug\libpng.lib
e:\freeimage3180\freeimage\source\libpng\.\x64\debug\libpng.lib
e:\freeimage3180\freeimage\source\libpng\x64\debug\libpng.tlog\cl.command.1.tlog
e:\freeimage3180\freeimage\source\libpng\x64\debug\libpng.tlog\cl.read.1.tlog
e:\freeimage3180\freeimage\source\libpng\x64\debug\libpng.tlog\cl.write.1.tlog
e:\freeimage3180\freeimage\source\libpng\x64\debug\libpng.tlog\lib-link.read.1.tlog
e:\freeimage3180\freeimage\source\libpng\x64\debug\libpng.tlog\lib-link.write.1.tlog
e:\freeimage3180\freeimage\source\libpng\x64\debug\libpng.tlog\lib.command.1.tlog
