e:\freeimage3180\freeimage\source\zlib\x64\debug\zlib.pdb
e:\freeimage3180\freeimage\source\zlib\x64\debug\zutil.obj
e:\freeimage3180\freeimage\source\zlib\x64\debug\uncompr.obj
e:\freeimage3180\freeimage\source\zlib\x64\debug\trees.obj
e:\freeimage3180\freeimage\source\zlib\x64\debug\inftrees.obj
e:\freeimage3180\freeimage\source\zlib\x64\debug\inflate.obj
e:\freeimage3180\freeimage\source\zlib\x64\debug\inffast.obj
e:\freeimage3180\freeimage\source\zlib\x64\debug\infback.obj
e:\freeimage3180\freeimage\source\zlib\x64\debug\gzwrite.obj
e:\freeimage3180\freeimage\source\zlib\x64\debug\gzread.obj
e:\freeimage3180\freeimage\source\zlib\x64\debug\gzlib.obj
e:\freeimage3180\freeimage\source\zlib\x64\debug\gzclose.obj
e:\freeimage3180\freeimage\source\zlib\x64\debug\deflate.obj
e:\freeimage3180\freeimage\source\zlib\x64\debug\crc32.obj
e:\freeimage3180\freeimage\source\zlib\x64\debug\compress.obj
e:\freeimage3180\freeimage\source\zlib\x64\debug\adler32.obj
e:\freeimage3180\freeimage\source\zlib\x64\debug\zlib.lib
e:\freeimage3180\freeimage\source\zlib\.\x64\debug\zlib.lib
e:\freeimage3180\freeimage\source\zlib\x64\debug\zlib.tlog\cl.command.1.tlog
e:\freeimage3180\freeimage\source\zlib\x64\debug\zlib.tlog\cl.read.1.tlog
e:\freeimage3180\freeimage\source\zlib\x64\debug\zlib.tlog\cl.write.1.tlog
e:\freeimage3180\freeimage\source\zlib\x64\debug\zlib.tlog\lib-link.read.1.tlog
e:\freeimage3180\freeimage\source\zlib\x64\debug\zlib.tlog\lib-link.write.1.tlog
e:\freeimage3180\freeimage\source\zlib\x64\debug\zlib.tlog\lib.command.1.tlog
