e:\freeimage3180\freeimage\source\libjpeg\x64\debug\libjpeg.pdb
e:\freeimage3180\freeimage\source\libjpeg\x64\debug\jdarith.obj
e:\freeimage3180\freeimage\source\libjpeg\x64\debug\jdapistd.obj
e:\freeimage3180\freeimage\source\libjpeg\x64\debug\jdapimin.obj
e:\freeimage3180\freeimage\source\libjpeg\x64\debug\jctrans.obj
e:\freeimage3180\freeimage\source\libjpeg\x64\debug\jcsample.obj
e:\freeimage3180\freeimage\source\libjpeg\x64\debug\jcprepct.obj
e:\freeimage3180\freeimage\source\libjpeg\x64\debug\jcparam.obj
e:\freeimage3180\freeimage\source\libjpeg\x64\debug\jcomapi.obj
e:\freeimage3180\freeimage\source\libjpeg\x64\debug\jcmaster.obj
e:\freeimage3180\freeimage\source\libjpeg\x64\debug\jcmarker.obj
e:\freeimage3180\freeimage\source\libjpeg\x64\debug\jcmainct.obj
e:\freeimage3180\freeimage\source\libjpeg\x64\debug\jcinit.obj
e:\freeimage3180\freeimage\source\libjpeg\x64\debug\jchuff.obj
e:\freeimage3180\freeimage\source\libjpeg\x64\debug\jcdctmgr.obj
e:\freeimage3180\freeimage\source\libjpeg\x64\debug\jccolor.obj
e:\freeimage3180\freeimage\source\libjpeg\x64\debug\jccoefct.obj
e:\freeimage3180\freeimage\source\libjpeg\x64\debug\jcarith.obj
e:\freeimage3180\freeimage\source\libjpeg\x64\debug\jcapistd.obj
e:\freeimage3180\freeimage\source\libjpeg\x64\debug\jcapimin.obj
e:\freeimage3180\freeimage\source\libjpeg\x64\debug\jaricom.obj
e:\freeimage3180\freeimage\source\libjpeg\x64\debug\jidctfst.obj
e:\freeimage3180\freeimage\source\libjpeg\x64\debug\jidctflt.obj
e:\freeimage3180\freeimage\source\libjpeg\x64\debug\jfdctint.obj
e:\freeimage3180\freeimage\source\libjpeg\x64\debug\jfdctfst.obj
e:\freeimage3180\freeimage\source\libjpeg\x64\debug\jfdctflt.obj
e:\freeimage3180\freeimage\source\libjpeg\x64\debug\jerror.obj
e:\freeimage3180\freeimage\source\libjpeg\x64\debug\jdtrans.obj
e:\freeimage3180\freeimage\source\libjpeg\x64\debug\jdsample.obj
e:\freeimage3180\freeimage\source\libjpeg\x64\debug\jdpostct.obj
e:\freeimage3180\freeimage\source\libjpeg\x64\debug\jdmerge.obj
e:\freeimage3180\freeimage\source\libjpeg\x64\debug\jdmaster.obj
e:\freeimage3180\freeimage\source\libjpeg\x64\debug\jdmarker.obj
e:\freeimage3180\freeimage\source\libjpeg\x64\debug\jdmainct.obj
e:\freeimage3180\freeimage\source\libjpeg\x64\debug\jdinput.obj
e:\freeimage3180\freeimage\source\libjpeg\x64\debug\jdhuff.obj
e:\freeimage3180\freeimage\source\libjpeg\x64\debug\jddctmgr.obj
e:\freeimage3180\freeimage\source\libjpeg\x64\debug\jdcolor.obj
e:\freeimage3180\freeimage\source\libjpeg\x64\debug\jdcoefct.obj
e:\freeimage3180\freeimage\source\libjpeg\x64\debug\jdatasrc.obj
e:\freeimage3180\freeimage\source\libjpeg\x64\debug\jdatadst.obj
e:\freeimage3180\freeimage\source\libjpeg\x64\debug\transupp.obj
e:\freeimage3180\freeimage\source\libjpeg\x64\debug\jutils.obj
e:\freeimage3180\freeimage\source\libjpeg\x64\debug\jquant2.obj
e:\freeimage3180\freeimage\source\libjpeg\x64\debug\jquant1.obj
e:\freeimage3180\freeimage\source\libjpeg\x64\debug\jmemnobs.obj
e:\freeimage3180\freeimage\source\libjpeg\x64\debug\jmemmgr.obj
e:\freeimage3180\freeimage\source\libjpeg\x64\debug\jidctint.obj
e:\freeimage3180\freeimage\source\libjpeg\x64\debug\libjpeg.lib
e:\freeimage3180\freeimage\source\libjpeg\.\x64\debug\libjpeg.lib
e:\freeimage3180\freeimage\source\libjpeg\x64\debug\libjpeg.tlog\cl.command.1.tlog
e:\freeimage3180\freeimage\source\libjpeg\x64\debug\libjpeg.tlog\cl.read.1.tlog
e:\freeimage3180\freeimage\source\libjpeg\x64\debug\libjpeg.tlog\cl.write.1.tlog
e:\freeimage3180\freeimage\source\libjpeg\x64\debug\libjpeg.tlog\lib-link.read.1.tlog
e:\freeimage3180\freeimage\source\libjpeg\x64\debug\libjpeg.tlog\lib-link.write.1.tlog
e:\freeimage3180\freeimage\source\libjpeg\x64\debug\libjpeg.tlog\lib.command.1.tlog
