  jaricom.c
  jcapimin.c
  jcapistd.c
  jcarith.c
  jccoefct.c
  jccolor.c
  jcdctmgr.c
  jchuff.c
  jcinit.c
  jcmainct.c
  jcmarker.c
  jcmaster.c
  jcomapi.c
  jcparam.c
  jcprepct.c
  jcsample.c
  jctrans.c
  jdapimin.c
  jdapistd.c
  jdarith.c
  正在生成代码...
  正在编译...
  jdatadst.c
e:\freeimage3180\freeimage\source\libjpeg\jdatadst.c(185): warning C4267: “=”: 从“size_t”转换到“unsigned long”，可能丢失数据
  jdatasrc.c
  jdcoefct.c
  jdcolor.c
  jddctmgr.c
  jdhuff.c
  jdinput.c
  jdmainct.c
  jdmarker.c
  jdmaster.c
  jdmerge.c
  jdpostct.c
  jdsample.c
  jdtrans.c
  jerror.c
  jfdctflt.c
  jfdctfst.c
  jfdctint.c
  jidctflt.c
  jidctfst.c
  正在生成代码...
  正在编译...
  jidctint.c
  jmemmgr.c
e:\freeimage3180\freeimage\source\libjpeg\jmemmgr.c(307): warning C4267: “+=”: 从“size_t”转换到“long”，可能丢失数据
e:\freeimage3180\freeimage\source\libjpeg\jmemmgr.c(367): warning C4267: “+=”: 从“size_t”转换到“long”，可能丢失数据
e:\freeimage3180\freeimage\source\libjpeg\jmemmgr.c(977): warning C4267: “-=”: 从“size_t”转换到“long”，可能丢失数据
e:\freeimage3180\freeimage\source\libjpeg\jmemmgr.c(991): warning C4267: “-=”: 从“size_t”转换到“long”，可能丢失数据
  jmemnobs.c
  jquant1.c
  jquant2.c
  jutils.c
  transupp.c
  正在生成代码...
  LibJPEG.2017.vcxproj -> E:\FreeImage3180\FreeImage\Source\LibJPEG\.\x64\Debug\LibJPEG.lib
